<html>
<head>
<title>TestNG:  Edge</title>
<link href="../testng.css" rel="stylesheet" type="text/css" />
<link href="../my-testng.css" rel="stylesheet" type="text/css" />

<style type="text/css">
.log { display: none;} 
.stack-trace { display: none;} 
</style>
<script type="text/javascript">
<!--
function flip(e) {
  current = e.style.display;
  if (current == 'block') {
    e.style.display = 'none';
    return 0;
  }
  else {
    e.style.display = 'block';
    return 1;
  }
}

function toggleBox(szDivId, elem, msg1, msg2)
{
  var res = -1;  if (document.getElementById) {
    res = flip(document.getElementById(szDivId));
  }
  else if (document.all) {
    // this is the way old msie versions work
    res = flip(document.all[szDivId]);
  }
  if(elem) {
    if(res == 0) elem.innerHTML = msg1; else elem.innerHTML = msg2;
  }

}

function toggleAllBoxes() {
  if (document.getElementsByTagName) {
    d = document.getElementsByTagName('div');
    for (i = 0; i < d.length; i++) {
      if (d[i].className == 'log') {
        flip(d[i]);
      }
    }
  }
}

// -->
</script>

</head>
<body>
<h2 align='center'>Edge</h2><table border='1' align="center">
<tr>
<td>Tests passed/Failed/Skipped:</td><td>0/0/3</td>
</tr><tr>
<td>Started on:</td><td>Mon Sep 15 10:31:20 IST 2025</td>
</tr>
<tr><td>Total time:</td><td>3 seconds (3195 ms)</td>
</tr><tr>
<td>Included groups:</td><td></td>
</tr><tr>
<td>Excluded groups:</td><td></td>
</tr>
</table><p/>
<small><i>(Hover the method name to see the test class name)</i></small><p/>
<table width='100%' border='1' class='invocation-failed'>
<tr><td colspan='4' align='center'><b>FAILED CONFIGURATIONS</b></td></tr>
<tr><td><b>Test method</b></td>
<td><b>Attribute(s)</b></td>
<td width="30%"><b>Exception</b></td>
<td width="10%"><b>Time (seconds)</b></td>
<td><b>Instance</b></td>
</tr>
<tr>
<td title='qaTest.TestCase01.beforeMethodMethod()'><b>beforeMethodMethod</b><br>Test class: qaTest.TestCase01<br>Parameters: edge, public void qaTest.TestCase01.Crdentials()</td>
<td><div><pre>io.github.bonigarcia.wdm.config.WebDriverManagerException: io.github.bonigarcia.wdm.config.WebDriverManagerException: java.lang.IllegalArgumentException: URI is not absolute
	at io.github.bonigarcia.wdm.WebDriverManager.handleException(WebDriverManager.java:1447)
	at io.github.bonigarcia.wdm.WebDriverManager.manage(WebDriverManager.java:1210)
	at io.github.bonigarcia.wdm.WebDriverManager.fallback(WebDriverManager.java:1463)
	at io.github.bonigarcia.wdm.WebDriverManager.handleException(WebDriverManager.java:1441)
	at io.github.bonigarcia.wdm.WebDriverManager.manage(WebDriverManager.java:1210)
	at io.github.bonigarcia.wdm.WebDriverManager.setup(WebDriverManager.java:429)
	at base.BaseTest.setupDriver(BaseTest.java:108)
	at base.BaseTest.beforeMethodMethod(BaseTest.java:69)
	at java.base/java.util.ArrayList.forEach(ArrayList.java:1596)
Caused by: io.github.bonigarcia.wdm.config.WebDriverManagerException: java.lang.IllegalArgumentException: URI is not absolute
	at io.github.bonigarcia.wdm.managers.EdgeDriverManager.getDriversFromXml(EdgeDriverManager.java:308)
	at io.github.bonigarcia.wdm.managers.EdgeDriverManager.getDriverUrls(EdgeDriverManager.java:138)
	at io.github.bonigarcia.wdm.WebDriverManager.createUrlHandler(WebDriverManager.java:1468)
	at io.github.bonigarcia.wdm.WebDriverManager.download(WebDriverManager.java:1298)
	at io.github.bonigarcia.wdm.WebDriverManager.manage(WebDriverManager.java:1204)
	... 36 more
Caused by: java.lang.IllegalArgumentException: URI is not absolute
	at java.base/java.net.URL.of(URL.java:862)
	at java.base/java.net.URI.toURL(URI.java:1172)
	at io.github.bonigarcia.wdm.managers.EdgeDriverManager.getDriversFromXml(EdgeDriverManager.java:300)
	... 40 more
... Removed 29 stack frames</pre></div><a href='#' onClick='toggleBox("stack-trace1397088232", this, "Click to show all stack frames", "Click to hide stack frames")'>Click to show all stack frames</a>
<div class='stack-trace' id='stack-trace1397088232'><pre>io.github.bonigarcia.wdm.config.WebDriverManagerException: io.github.bonigarcia.wdm.config.WebDriverManagerException: java.lang.IllegalArgumentException: URI is not absolute
	at io.github.bonigarcia.wdm.WebDriverManager.handleException(WebDriverManager.java:1447)
	at io.github.bonigarcia.wdm.WebDriverManager.manage(WebDriverManager.java:1210)
	at io.github.bonigarcia.wdm.WebDriverManager.fallback(WebDriverManager.java:1463)
	at io.github.bonigarcia.wdm.WebDriverManager.handleException(WebDriverManager.java:1441)
	at io.github.bonigarcia.wdm.WebDriverManager.manage(WebDriverManager.java:1210)
	at io.github.bonigarcia.wdm.WebDriverManager.setup(WebDriverManager.java:429)
	at base.BaseTest.setupDriver(BaseTest.java:108)
	at base.BaseTest.beforeMethodMethod(BaseTest.java:69)
	at java.base/jdk.internal.reflect.DirectMethodHandleAccessor.invoke(DirectMethodHandleAccessor.java:103)
	at java.base/java.lang.reflect.Method.invoke(Method.java:580)
	at org.testng.internal.invokers.MethodInvocationHelper.invokeMethod(MethodInvocationHelper.java:139)
	at org.testng.internal.invokers.MethodInvocationHelper.invokeMethodConsideringTimeout(MethodInvocationHelper.java:69)
	at org.testng.internal.invokers.ConfigInvoker.invokeConfigurationMethod(ConfigInvoker.java:361)
	at org.testng.internal.invokers.ConfigInvoker.invokeConfigurations(ConfigInvoker.java:296)
	at org.testng.internal.invokers.TestInvoker.runConfigMethods(TestInvoker.java:823)
	at org.testng.internal.invokers.TestInvoker.invokeMethod(TestInvoker.java:590)
	at org.testng.internal.invokers.TestInvoker.invokeTestMethod(TestInvoker.java:221)
	at org.testng.internal.invokers.MethodRunner.runInSequence(MethodRunner.java:50)
	at org.testng.internal.invokers.TestInvoker$MethodInvocationAgent.invoke(TestInvoker.java:969)
	at org.testng.internal.invokers.TestInvoker.invokeTestMethods(TestInvoker.java:194)
	at org.testng.internal.invokers.TestMethodWorker.invokeTestMethods(TestMethodWorker.java:148)
	at org.testng.internal.invokers.TestMethodWorker.run(TestMethodWorker.java:128)
	at java.base/java.util.ArrayList.forEach(ArrayList.java:1596)
	at org.testng.TestRunner.privateRun(TestRunner.java:829)
	at org.testng.TestRunner.run(TestRunner.java:602)
	at org.testng.SuiteRunner.runTest(SuiteRunner.java:437)
	at org.testng.SuiteRunner.runSequentially(SuiteRunner.java:431)
	at org.testng.SuiteRunner.privateRun(SuiteRunner.java:391)
	at org.testng.SuiteRunner.run(SuiteRunner.java:330)
	at org.testng.SuiteRunnerWorker.runSuite(SuiteRunnerWorker.java:52)
	at org.testng.SuiteRunnerWorker.run(SuiteRunnerWorker.java:95)
	at org.testng.TestNG.runSuitesSequentially(TestNG.java:1256)
	at org.testng.TestNG.runSuitesLocally(TestNG.java:1176)
	at org.testng.TestNG.runSuites(TestNG.java:1099)
	at org.testng.TestNG.run(TestNG.java:1067)
	at org.testng.remote.AbstractRemoteTestNG.run(AbstractRemoteTestNG.java:115)
	at org.testng.remote.RemoteTestNG.initAndRun(RemoteTestNG.java:293)
	at org.testng.remote.RemoteTestNG.main(RemoteTestNG.java:91)
Caused by: io.github.bonigarcia.wdm.config.WebDriverManagerException: java.lang.IllegalArgumentException: URI is not absolute
	at io.github.bonigarcia.wdm.managers.EdgeDriverManager.getDriversFromXml(EdgeDriverManager.java:308)
	at io.github.bonigarcia.wdm.managers.EdgeDriverManager.getDriverUrls(EdgeDriverManager.java:138)
	at io.github.bonigarcia.wdm.WebDriverManager.createUrlHandler(WebDriverManager.java:1468)
	at io.github.bonigarcia.wdm.WebDriverManager.download(WebDriverManager.java:1298)
	at io.github.bonigarcia.wdm.WebDriverManager.manage(WebDriverManager.java:1204)
	... 36 more
Caused by: java.lang.IllegalArgumentException: URI is not absolute
	at java.base/java.net.URL.of(URL.java:862)
	at java.base/java.net.URI.toURL(URI.java:1172)
	at io.github.bonigarcia.wdm.managers.EdgeDriverManager.getDriversFromXml(EdgeDriverManager.java:300)
	... 40 more
</pre></div></td>
<td>3</td>
<td>qaTest.TestCase01@1040be71</td></tr>
</table><p>
<table width='100%' border='1' class='invocation-skipped'>
<tr><td colspan='4' align='center'><b>SKIPPED CONFIGURATIONS</b></td></tr>
<tr><td><b>Test method</b></td>
<td><b>Attribute(s)</b></td>
<td width="30%"><b>Exception</b></td>
<td width="10%"><b>Time (seconds)</b></td>
<td><b>Instance</b></td>
</tr>
<tr>
<td title='qaTest.TestCase01.afterTest()'><b>afterTest</b><br>Test class: qaTest.TestCase01</td>
<td></td>
<td>0</td>
<td>qaTest.TestCase01@1040be71</td></tr>
<tr>
<td title='qaTest.TestCase01.afterMethod()'><b>afterMethod</b><br>Test class: qaTest.TestCase01</td>
<td></td>
<td>0</td>
<td>qaTest.TestCase01@1040be71</td></tr>
<tr>
<td title='qaTest.TestCase01.beforeMethodMethod()'><b>beforeMethodMethod</b><br>Test class: qaTest.TestCase01</td>
<td></td>
<td>0</td>
<td>qaTest.TestCase01@1040be71</td></tr>
<tr>
<td title='qaTest.TestCase01.afterMethod()'><b>afterMethod</b><br>Test class: qaTest.TestCase01</td>
<td></td>
<td>0</td>
<td>qaTest.TestCase01@1040be71</td></tr>
<tr>
<td title='qaTest.TestCase01.afterMethod()'><b>afterMethod</b><br>Test class: qaTest.TestCase01</td>
<td></td>
<td>0</td>
<td>qaTest.TestCase01@1040be71</td></tr>
<tr>
<td title='qaTest.TestCase01.beforeMethodMethod()'><b>beforeMethodMethod</b><br>Test class: qaTest.TestCase01</td>
<td></td>
<td>0</td>
<td>qaTest.TestCase01@1040be71</td></tr>
<tr>
<td title='qaTest.TestCase01.initPages()'><b>initPages</b><br>Test class: qaTest.TestCase01</td>
<td></td>
<td>0</td>
<td>qaTest.TestCase01@1040be71</td></tr>
<tr>
<td title='qaTest.TestCase01.initPages()'><b>initPages</b><br>Test class: qaTest.TestCase01</td>
<td></td>
<td>0</td>
<td>qaTest.TestCase01@1040be71</td></tr>
<tr>
<td title='qaTest.TestCase01.initPages()'><b>initPages</b><br>Test class: qaTest.TestCase01</td>
<td></td>
<td>0</td>
<td>qaTest.TestCase01@1040be71</td></tr>
</table><p>
<table width='100%' border='1' class='invocation-skipped'>
<tr><td colspan='4' align='center'><b>SKIPPED TESTS</b></td></tr>
<tr><td><b>Test method</b></td>
<td><b>Attribute(s)</b></td>
<td width="30%"><b>Exception</b></td>
<td width="10%"><b>Time (seconds)</b></td>
<td><b>Instance</b></td>
</tr>
<tr>
<td title='qaTest.TestCase01.EnteringCredentials()'><b>EnteringCredentials</b><br>Test class: qaTest.TestCase01</td>
<td><div><pre>io.github.bonigarcia.wdm.config.WebDriverManagerException: io.github.bonigarcia.wdm.config.WebDriverManagerException: java.lang.IllegalArgumentException: URI is not absolute
	at io.github.bonigarcia.wdm.WebDriverManager.handleException(WebDriverManager.java:1447)
	at io.github.bonigarcia.wdm.WebDriverManager.manage(WebDriverManager.java:1210)
	at io.github.bonigarcia.wdm.WebDriverManager.fallback(WebDriverManager.java:1463)
	at io.github.bonigarcia.wdm.WebDriverManager.handleException(WebDriverManager.java:1441)
	at io.github.bonigarcia.wdm.WebDriverManager.manage(WebDriverManager.java:1210)
	at io.github.bonigarcia.wdm.WebDriverManager.setup(WebDriverManager.java:429)
	at base.BaseTest.setupDriver(BaseTest.java:108)
	at base.BaseTest.beforeMethodMethod(BaseTest.java:69)
	at java.base/java.util.ArrayList.forEach(ArrayList.java:1596)
Caused by: io.github.bonigarcia.wdm.config.WebDriverManagerException: java.lang.IllegalArgumentException: URI is not absolute
	at io.github.bonigarcia.wdm.managers.EdgeDriverManager.getDriversFromXml(EdgeDriverManager.java:308)
	at io.github.bonigarcia.wdm.managers.EdgeDriverManager.getDriverUrls(EdgeDriverManager.java:138)
	at io.github.bonigarcia.wdm.WebDriverManager.createUrlHandler(WebDriverManager.java:1468)
	at io.github.bonigarcia.wdm.WebDriverManager.download(WebDriverManager.java:1298)
	at io.github.bonigarcia.wdm.WebDriverManager.manage(WebDriverManager.java:1204)
	... 36 more
Caused by: java.lang.IllegalArgumentException: URI is not absolute
	at java.base/java.net.URL.of(URL.java:862)
	at java.base/java.net.URI.toURL(URI.java:1172)
	at io.github.bonigarcia.wdm.managers.EdgeDriverManager.getDriversFromXml(EdgeDriverManager.java:300)
	... 40 more
... Removed 29 stack frames</pre></div><a href='#' onClick='toggleBox("stack-trace1836777499", this, "Click to show all stack frames", "Click to hide stack frames")'>Click to show all stack frames</a>
<div class='stack-trace' id='stack-trace1836777499'><pre>io.github.bonigarcia.wdm.config.WebDriverManagerException: io.github.bonigarcia.wdm.config.WebDriverManagerException: java.lang.IllegalArgumentException: URI is not absolute
	at io.github.bonigarcia.wdm.WebDriverManager.handleException(WebDriverManager.java:1447)
	at io.github.bonigarcia.wdm.WebDriverManager.manage(WebDriverManager.java:1210)
	at io.github.bonigarcia.wdm.WebDriverManager.fallback(WebDriverManager.java:1463)
	at io.github.bonigarcia.wdm.WebDriverManager.handleException(WebDriverManager.java:1441)
	at io.github.bonigarcia.wdm.WebDriverManager.manage(WebDriverManager.java:1210)
	at io.github.bonigarcia.wdm.WebDriverManager.setup(WebDriverManager.java:429)
	at base.BaseTest.setupDriver(BaseTest.java:108)
	at base.BaseTest.beforeMethodMethod(BaseTest.java:69)
	at java.base/jdk.internal.reflect.DirectMethodHandleAccessor.invoke(DirectMethodHandleAccessor.java:103)
	at java.base/java.lang.reflect.Method.invoke(Method.java:580)
	at org.testng.internal.invokers.MethodInvocationHelper.invokeMethod(MethodInvocationHelper.java:139)
	at org.testng.internal.invokers.MethodInvocationHelper.invokeMethodConsideringTimeout(MethodInvocationHelper.java:69)
	at org.testng.internal.invokers.ConfigInvoker.invokeConfigurationMethod(ConfigInvoker.java:361)
	at org.testng.internal.invokers.ConfigInvoker.invokeConfigurations(ConfigInvoker.java:296)
	at org.testng.internal.invokers.TestInvoker.runConfigMethods(TestInvoker.java:823)
	at org.testng.internal.invokers.TestInvoker.invokeMethod(TestInvoker.java:590)
	at org.testng.internal.invokers.TestInvoker.invokeTestMethod(TestInvoker.java:221)
	at org.testng.internal.invokers.MethodRunner.runInSequence(MethodRunner.java:50)
	at org.testng.internal.invokers.TestInvoker$MethodInvocationAgent.invoke(TestInvoker.java:969)
	at org.testng.internal.invokers.TestInvoker.invokeTestMethods(TestInvoker.java:194)
	at org.testng.internal.invokers.TestMethodWorker.invokeTestMethods(TestMethodWorker.java:148)
	at org.testng.internal.invokers.TestMethodWorker.run(TestMethodWorker.java:128)
	at java.base/java.util.ArrayList.forEach(ArrayList.java:1596)
	at org.testng.TestRunner.privateRun(TestRunner.java:829)
	at org.testng.TestRunner.run(TestRunner.java:602)
	at org.testng.SuiteRunner.runTest(SuiteRunner.java:437)
	at org.testng.SuiteRunner.runSequentially(SuiteRunner.java:431)
	at org.testng.SuiteRunner.privateRun(SuiteRunner.java:391)
	at org.testng.SuiteRunner.run(SuiteRunner.java:330)
	at org.testng.SuiteRunnerWorker.runSuite(SuiteRunnerWorker.java:52)
	at org.testng.SuiteRunnerWorker.run(SuiteRunnerWorker.java:95)
	at org.testng.TestNG.runSuitesSequentially(TestNG.java:1256)
	at org.testng.TestNG.runSuitesLocally(TestNG.java:1176)
	at org.testng.TestNG.runSuites(TestNG.java:1099)
	at org.testng.TestNG.run(TestNG.java:1067)
	at org.testng.remote.AbstractRemoteTestNG.run(AbstractRemoteTestNG.java:115)
	at org.testng.remote.RemoteTestNG.initAndRun(RemoteTestNG.java:293)
	at org.testng.remote.RemoteTestNG.main(RemoteTestNG.java:91)
Caused by: io.github.bonigarcia.wdm.config.WebDriverManagerException: java.lang.IllegalArgumentException: URI is not absolute
	at io.github.bonigarcia.wdm.managers.EdgeDriverManager.getDriversFromXml(EdgeDriverManager.java:308)
	at io.github.bonigarcia.wdm.managers.EdgeDriverManager.getDriverUrls(EdgeDriverManager.java:138)
	at io.github.bonigarcia.wdm.WebDriverManager.createUrlHandler(WebDriverManager.java:1468)
	at io.github.bonigarcia.wdm.WebDriverManager.download(WebDriverManager.java:1298)
	at io.github.bonigarcia.wdm.WebDriverManager.manage(WebDriverManager.java:1204)
	... 36 more
Caused by: java.lang.IllegalArgumentException: URI is not absolute
	at java.base/java.net.URL.of(URL.java:862)
	at java.base/java.net.URI.toURL(URI.java:1172)
	at io.github.bonigarcia.wdm.managers.EdgeDriverManager.getDriversFromXml(EdgeDriverManager.java:300)
	... 40 more
</pre></div></td>
<td>0</td>
<td>qaTest.TestCase01@1040be71</td></tr>
<tr>
<td title='qaTest.TestCase01.Crdentials()'><b>Crdentials</b><br>Test class: qaTest.TestCase01</td>
<td><div><pre>io.github.bonigarcia.wdm.config.WebDriverManagerException: io.github.bonigarcia.wdm.config.WebDriverManagerException: java.lang.IllegalArgumentException: URI is not absolute
	at io.github.bonigarcia.wdm.WebDriverManager.handleException(WebDriverManager.java:1447)
	at io.github.bonigarcia.wdm.WebDriverManager.manage(WebDriverManager.java:1210)
	at io.github.bonigarcia.wdm.WebDriverManager.fallback(WebDriverManager.java:1463)
	at io.github.bonigarcia.wdm.WebDriverManager.handleException(WebDriverManager.java:1441)
	at io.github.bonigarcia.wdm.WebDriverManager.manage(WebDriverManager.java:1210)
	at io.github.bonigarcia.wdm.WebDriverManager.setup(WebDriverManager.java:429)
	at base.BaseTest.setupDriver(BaseTest.java:108)
	at base.BaseTest.beforeMethodMethod(BaseTest.java:69)
	at java.base/java.util.ArrayList.forEach(ArrayList.java:1596)
Caused by: io.github.bonigarcia.wdm.config.WebDriverManagerException: java.lang.IllegalArgumentException: URI is not absolute
	at io.github.bonigarcia.wdm.managers.EdgeDriverManager.getDriversFromXml(EdgeDriverManager.java:308)
	at io.github.bonigarcia.wdm.managers.EdgeDriverManager.getDriverUrls(EdgeDriverManager.java:138)
	at io.github.bonigarcia.wdm.WebDriverManager.createUrlHandler(WebDriverManager.java:1468)
	at io.github.bonigarcia.wdm.WebDriverManager.download(WebDriverManager.java:1298)
	at io.github.bonigarcia.wdm.WebDriverManager.manage(WebDriverManager.java:1204)
	... 36 more
Caused by: java.lang.IllegalArgumentException: URI is not absolute
	at java.base/java.net.URL.of(URL.java:862)
	at java.base/java.net.URI.toURL(URI.java:1172)
	at io.github.bonigarcia.wdm.managers.EdgeDriverManager.getDriversFromXml(EdgeDriverManager.java:300)
	... 40 more
... Removed 29 stack frames</pre></div><a href='#' onClick='toggleBox("stack-trace924399116", this, "Click to show all stack frames", "Click to hide stack frames")'>Click to show all stack frames</a>
<div class='stack-trace' id='stack-trace924399116'><pre>io.github.bonigarcia.wdm.config.WebDriverManagerException: io.github.bonigarcia.wdm.config.WebDriverManagerException: java.lang.IllegalArgumentException: URI is not absolute
	at io.github.bonigarcia.wdm.WebDriverManager.handleException(WebDriverManager.java:1447)
	at io.github.bonigarcia.wdm.WebDriverManager.manage(WebDriverManager.java:1210)
	at io.github.bonigarcia.wdm.WebDriverManager.fallback(WebDriverManager.java:1463)
	at io.github.bonigarcia.wdm.WebDriverManager.handleException(WebDriverManager.java:1441)
	at io.github.bonigarcia.wdm.WebDriverManager.manage(WebDriverManager.java:1210)
	at io.github.bonigarcia.wdm.WebDriverManager.setup(WebDriverManager.java:429)
	at base.BaseTest.setupDriver(BaseTest.java:108)
	at base.BaseTest.beforeMethodMethod(BaseTest.java:69)
	at java.base/jdk.internal.reflect.DirectMethodHandleAccessor.invoke(DirectMethodHandleAccessor.java:103)
	at java.base/java.lang.reflect.Method.invoke(Method.java:580)
	at org.testng.internal.invokers.MethodInvocationHelper.invokeMethod(MethodInvocationHelper.java:139)
	at org.testng.internal.invokers.MethodInvocationHelper.invokeMethodConsideringTimeout(MethodInvocationHelper.java:69)
	at org.testng.internal.invokers.ConfigInvoker.invokeConfigurationMethod(ConfigInvoker.java:361)
	at org.testng.internal.invokers.ConfigInvoker.invokeConfigurations(ConfigInvoker.java:296)
	at org.testng.internal.invokers.TestInvoker.runConfigMethods(TestInvoker.java:823)
	at org.testng.internal.invokers.TestInvoker.invokeMethod(TestInvoker.java:590)
	at org.testng.internal.invokers.TestInvoker.invokeTestMethod(TestInvoker.java:221)
	at org.testng.internal.invokers.MethodRunner.runInSequence(MethodRunner.java:50)
	at org.testng.internal.invokers.TestInvoker$MethodInvocationAgent.invoke(TestInvoker.java:969)
	at org.testng.internal.invokers.TestInvoker.invokeTestMethods(TestInvoker.java:194)
	at org.testng.internal.invokers.TestMethodWorker.invokeTestMethods(TestMethodWorker.java:148)
	at org.testng.internal.invokers.TestMethodWorker.run(TestMethodWorker.java:128)
	at java.base/java.util.ArrayList.forEach(ArrayList.java:1596)
	at org.testng.TestRunner.privateRun(TestRunner.java:829)
	at org.testng.TestRunner.run(TestRunner.java:602)
	at org.testng.SuiteRunner.runTest(SuiteRunner.java:437)
	at org.testng.SuiteRunner.runSequentially(SuiteRunner.java:431)
	at org.testng.SuiteRunner.privateRun(SuiteRunner.java:391)
	at org.testng.SuiteRunner.run(SuiteRunner.java:330)
	at org.testng.SuiteRunnerWorker.runSuite(SuiteRunnerWorker.java:52)
	at org.testng.SuiteRunnerWorker.run(SuiteRunnerWorker.java:95)
	at org.testng.TestNG.runSuitesSequentially(TestNG.java:1256)
	at org.testng.TestNG.runSuitesLocally(TestNG.java:1176)
	at org.testng.TestNG.runSuites(TestNG.java:1099)
	at org.testng.TestNG.run(TestNG.java:1067)
	at org.testng.remote.AbstractRemoteTestNG.run(AbstractRemoteTestNG.java:115)
	at org.testng.remote.RemoteTestNG.initAndRun(RemoteTestNG.java:293)
	at org.testng.remote.RemoteTestNG.main(RemoteTestNG.java:91)
Caused by: io.github.bonigarcia.wdm.config.WebDriverManagerException: java.lang.IllegalArgumentException: URI is not absolute
	at io.github.bonigarcia.wdm.managers.EdgeDriverManager.getDriversFromXml(EdgeDriverManager.java:308)
	at io.github.bonigarcia.wdm.managers.EdgeDriverManager.getDriverUrls(EdgeDriverManager.java:138)
	at io.github.bonigarcia.wdm.WebDriverManager.createUrlHandler(WebDriverManager.java:1468)
	at io.github.bonigarcia.wdm.WebDriverManager.download(WebDriverManager.java:1298)
	at io.github.bonigarcia.wdm.WebDriverManager.manage(WebDriverManager.java:1204)
	... 36 more
Caused by: java.lang.IllegalArgumentException: URI is not absolute
	at java.base/java.net.URL.of(URL.java:862)
	at java.base/java.net.URI.toURL(URI.java:1172)
	at io.github.bonigarcia.wdm.managers.EdgeDriverManager.getDriversFromXml(EdgeDriverManager.java:300)
	... 40 more
</pre></div></td>
<td>0</td>
<td>qaTest.TestCase01@1040be71</td></tr>
<tr>
<td title='qaTest.TestCase01.verification()'><b>verification</b><br>Test class: qaTest.TestCase01</td>
<td><div><pre>io.github.bonigarcia.wdm.config.WebDriverManagerException: io.github.bonigarcia.wdm.config.WebDriverManagerException: java.lang.IllegalArgumentException: URI is not absolute
	at io.github.bonigarcia.wdm.WebDriverManager.handleException(WebDriverManager.java:1447)
	at io.github.bonigarcia.wdm.WebDriverManager.manage(WebDriverManager.java:1210)
	at io.github.bonigarcia.wdm.WebDriverManager.fallback(WebDriverManager.java:1463)
	at io.github.bonigarcia.wdm.WebDriverManager.handleException(WebDriverManager.java:1441)
	at io.github.bonigarcia.wdm.WebDriverManager.manage(WebDriverManager.java:1210)
	at io.github.bonigarcia.wdm.WebDriverManager.setup(WebDriverManager.java:429)
	at base.BaseTest.setupDriver(BaseTest.java:108)
	at base.BaseTest.beforeMethodMethod(BaseTest.java:69)
	at java.base/java.util.ArrayList.forEach(ArrayList.java:1596)
Caused by: io.github.bonigarcia.wdm.config.WebDriverManagerException: java.lang.IllegalArgumentException: URI is not absolute
	at io.github.bonigarcia.wdm.managers.EdgeDriverManager.getDriversFromXml(EdgeDriverManager.java:308)
	at io.github.bonigarcia.wdm.managers.EdgeDriverManager.getDriverUrls(EdgeDriverManager.java:138)
	at io.github.bonigarcia.wdm.WebDriverManager.createUrlHandler(WebDriverManager.java:1468)
	at io.github.bonigarcia.wdm.WebDriverManager.download(WebDriverManager.java:1298)
	at io.github.bonigarcia.wdm.WebDriverManager.manage(WebDriverManager.java:1204)
	... 36 more
Caused by: java.lang.IllegalArgumentException: URI is not absolute
	at java.base/java.net.URL.of(URL.java:862)
	at java.base/java.net.URI.toURL(URI.java:1172)
	at io.github.bonigarcia.wdm.managers.EdgeDriverManager.getDriversFromXml(EdgeDriverManager.java:300)
	... 40 more
... Removed 29 stack frames</pre></div><a href='#' onClick='toggleBox("stack-trace1201919338", this, "Click to show all stack frames", "Click to hide stack frames")'>Click to show all stack frames</a>
<div class='stack-trace' id='stack-trace1201919338'><pre>io.github.bonigarcia.wdm.config.WebDriverManagerException: io.github.bonigarcia.wdm.config.WebDriverManagerException: java.lang.IllegalArgumentException: URI is not absolute
	at io.github.bonigarcia.wdm.WebDriverManager.handleException(WebDriverManager.java:1447)
	at io.github.bonigarcia.wdm.WebDriverManager.manage(WebDriverManager.java:1210)
	at io.github.bonigarcia.wdm.WebDriverManager.fallback(WebDriverManager.java:1463)
	at io.github.bonigarcia.wdm.WebDriverManager.handleException(WebDriverManager.java:1441)
	at io.github.bonigarcia.wdm.WebDriverManager.manage(WebDriverManager.java:1210)
	at io.github.bonigarcia.wdm.WebDriverManager.setup(WebDriverManager.java:429)
	at base.BaseTest.setupDriver(BaseTest.java:108)
	at base.BaseTest.beforeMethodMethod(BaseTest.java:69)
	at java.base/jdk.internal.reflect.DirectMethodHandleAccessor.invoke(DirectMethodHandleAccessor.java:103)
	at java.base/java.lang.reflect.Method.invoke(Method.java:580)
	at org.testng.internal.invokers.MethodInvocationHelper.invokeMethod(MethodInvocationHelper.java:139)
	at org.testng.internal.invokers.MethodInvocationHelper.invokeMethodConsideringTimeout(MethodInvocationHelper.java:69)
	at org.testng.internal.invokers.ConfigInvoker.invokeConfigurationMethod(ConfigInvoker.java:361)
	at org.testng.internal.invokers.ConfigInvoker.invokeConfigurations(ConfigInvoker.java:296)
	at org.testng.internal.invokers.TestInvoker.runConfigMethods(TestInvoker.java:823)
	at org.testng.internal.invokers.TestInvoker.invokeMethod(TestInvoker.java:590)
	at org.testng.internal.invokers.TestInvoker.invokeTestMethod(TestInvoker.java:221)
	at org.testng.internal.invokers.MethodRunner.runInSequence(MethodRunner.java:50)
	at org.testng.internal.invokers.TestInvoker$MethodInvocationAgent.invoke(TestInvoker.java:969)
	at org.testng.internal.invokers.TestInvoker.invokeTestMethods(TestInvoker.java:194)
	at org.testng.internal.invokers.TestMethodWorker.invokeTestMethods(TestMethodWorker.java:148)
	at org.testng.internal.invokers.TestMethodWorker.run(TestMethodWorker.java:128)
	at java.base/java.util.ArrayList.forEach(ArrayList.java:1596)
	at org.testng.TestRunner.privateRun(TestRunner.java:829)
	at org.testng.TestRunner.run(TestRunner.java:602)
	at org.testng.SuiteRunner.runTest(SuiteRunner.java:437)
	at org.testng.SuiteRunner.runSequentially(SuiteRunner.java:431)
	at org.testng.SuiteRunner.privateRun(SuiteRunner.java:391)
	at org.testng.SuiteRunner.run(SuiteRunner.java:330)
	at org.testng.SuiteRunnerWorker.runSuite(SuiteRunnerWorker.java:52)
	at org.testng.SuiteRunnerWorker.run(SuiteRunnerWorker.java:95)
	at org.testng.TestNG.runSuitesSequentially(TestNG.java:1256)
	at org.testng.TestNG.runSuitesLocally(TestNG.java:1176)
	at org.testng.TestNG.runSuites(TestNG.java:1099)
	at org.testng.TestNG.run(TestNG.java:1067)
	at org.testng.remote.AbstractRemoteTestNG.run(AbstractRemoteTestNG.java:115)
	at org.testng.remote.RemoteTestNG.initAndRun(RemoteTestNG.java:293)
	at org.testng.remote.RemoteTestNG.main(RemoteTestNG.java:91)
Caused by: io.github.bonigarcia.wdm.config.WebDriverManagerException: java.lang.IllegalArgumentException: URI is not absolute
	at io.github.bonigarcia.wdm.managers.EdgeDriverManager.getDriversFromXml(EdgeDriverManager.java:308)
	at io.github.bonigarcia.wdm.managers.EdgeDriverManager.getDriverUrls(EdgeDriverManager.java:138)
	at io.github.bonigarcia.wdm.WebDriverManager.createUrlHandler(WebDriverManager.java:1468)
	at io.github.bonigarcia.wdm.WebDriverManager.download(WebDriverManager.java:1298)
	at io.github.bonigarcia.wdm.WebDriverManager.manage(WebDriverManager.java:1204)
	... 36 more
Caused by: java.lang.IllegalArgumentException: URI is not absolute
	at java.base/java.net.URL.of(URL.java:862)
	at java.base/java.net.URI.toURL(URI.java:1172)
	at io.github.bonigarcia.wdm.managers.EdgeDriverManager.getDriversFromXml(EdgeDriverManager.java:300)
	... 40 more
</pre></div></td>
<td>0</td>
<td>qaTest.TestCase01@1040be71</td></tr>
</table><p>
</body>
</html>