<?xml version="1.0" encoding="UTF-8"?>
<!-- Generated by org.testng.reporters.JUnitXMLReporter -->
<testsuite ignored="0" hostname="AL01LAP162" failures="0" tests="3" name="Edge" time="3.195" errors="0" timestamp="2025-09-15T10:31:23 IST">
  <testcase classname="qaTest.TestCase01" name="Crdentials" time="0.0">
    <skipped/>
  </testcase> <!-- Crdentials -->
  <testcase classname="qaTest.TestCase01" name="verification" time="0.0">
    <skipped/>
  </testcase> <!-- verification -->
  <testcase classname="qaTest.TestCase01" name="EnteringCredentials" time="0.0">
    <skipped/>
  </testcase> <!-- EnteringCredentials -->
</testsuite> <!-- Edge -->
