<?xml version="1.0" encoding="UTF-8"?>
<!-- Generated by org.testng.reporters.JUnitXMLReporter -->
<testsuite ignored="2" hostname="AL01LAP162" failures="0" tests="2" name="LoginTest" time="32.223" errors="0" timestamp="2025-12-10T16:31:02 IST">
  <testcase classname="base.BaseTest" name="@BeforeMethod beforeMethodMethod" time="0.002">
    <failure type="java.lang.NullPointerException" message="Cannot invoke &amp;quot;com.aventstack.extentreports.ExtentReports.createTest(String)&amp;quot; because &amp;quot;this.extent&amp;quot; is null">
      <![CDATA[java.lang.NullPointerException: Cannot invoke "com.aventstack.extentreports.ExtentReports.createTest(String)" because "this.extent" is null
at base.BaseTest.beforeMethodMethod(BaseTest.java:61)
at java.base/java.util.ArrayList.forEach(ArrayList.java:1596)
... Removed 29 stack frames]]>
    </failure>
  </testcase> <!-- @BeforeMethod beforeMethodMethod -->
  <testcase classname="base.BaseTest" name="@AfterMethod afterMethod" time="0.0">
    <skipped/>
  </testcase> <!-- @AfterMethod afterMethod -->
  <testcase classname="qaTest.LoginTests" name="validLoginTest" time="26.304"/>
  <testcase classname="qaTest.SearchTests" name="searchChicken" time="0.0">
    <skipped/>
  </testcase> <!-- searchChicken -->
  <testcase classname="base.BaseTest" name="@AfterSuite afterSuiteMethod" time="0.0">
    <ignored/>
  </testcase> <!-- @AfterSuite afterSuiteMethod -->
  <testcase classname="base.BaseTest" name="@BeforeSuite beforeSuiteMethod" time="0.0">
    <ignored/>
  </testcase> <!-- @BeforeSuite beforeSuiteMethod -->
</testsuite> <!-- LoginTest -->
