<?xml version="1.0" encoding="UTF-8"?>
<!-- Generated by org.testng.reporters.JUnitXMLReporter -->
<testsuite ignored="2" hostname="AL01LAP162" failures="0" tests="2" name="Regression" time="68.985" errors="0" timestamp="2025-12-11T18:00:41 IST">
  <testcase classname="qaTest.LoginTests" name="validLoginTest" time="19.04"/>
  <testcase classname="qaTest.SearchTests" name="searchChicken" time="38.961"/>
  <testcase classname="base.BaseTest" name="@BeforeSuite setupExtent" time="0.0">
    <ignored/>
  </testcase> <!-- @BeforeSuite setupExtent -->
  <testcase classname="base.BaseTest" name="@AfterSuite tearDownExtent" time="0.0">
    <ignored/>
  </testcase> <!-- @AfterSuite tearDownExtent -->
</testsuite> <!-- Regression -->
